<?xml version="1.0" encoding="UTF-8"?>
<testng-results ignored="0" total="1" passed="1" failed="0" skipped="0">
  <reporter-output>
  </reporter-output>
  <suite started-at="2024-09-26T22:36:55 IST" name="Default suite" finished-at="2024-09-26T22:37:09 IST" duration-ms="13241">
    <groups>
    </groups>
    <test started-at="2024-09-26T22:36:55 IST" name="Default test" finished-at="2024-09-26T22:37:09 IST" duration-ms="13241">
      <class name="seleniumpractices.DataDrivenTestingUsingExcel">
        <test-method signature="createnewuser()[pri:0, instance:seleniumpractices.DataDrivenTestingUsingExcel@434a63ab]" started-at="2024-09-26T22:36:55 IST" name="createnewuser" finished-at="2024-09-26T22:37:09 IST" duration-ms="13144" status="PASS">
          <reporter-output>
          </reporter-output>
        </test-method> <!-- createnewuser -->
      </class> <!-- seleniumpractices.DataDrivenTestingUsingExcel -->
    </test> <!-- Default test -->
  </suite> <!-- Default suite -->
</testng-results>
